<?xml version="1.0" encoding="UTF-8" ?>
<testsuite tests="36" failures="2" name="TestSuite" time="68.126" errors="0" skipped="33">
  <properties>
[...]
</properties>
  <testcase classname="com.tests.login.HomePageTest" name="loginAsJasperadmin" time="65.421">
    <failure message="Timed out after 10 seconds. Unable to locate the element" type="org.openqa.selenium.NoSuchElementException">org.openqa.selenium.NoSuchElementException: Timed out after 10 seconds. Unable to locate the element
	at org.openqa.selenium.support.pagefactory.AjaxElementLocator.findElement(AjaxElementLocator.java:99)
	at org.openqa.selenium.support.pagefactory.internal.LocatingElementHandler.invoke(LocatingElementHandler.java:38)
	at com.sun.proxy.$Proxy19.sendKeys(Unknown Source)
	at com.ui.pages.login.LoginActController.enterUserId(LoginActController.java:56)
	at com.ui.pages.login.LoginActController.loginByUser(LoginActController.java:42)
	at com.tests.login.HomePageTest.loginAsJasperadmin(HomePageTest.java:27)
Caused by: org.openqa.selenium.NoSuchElementException: no such element: Unable to locate element: {&quot;method&quot;:&quot;css selector&quot;,&quot;selector&quot;:&quot;#j_username&quot;}
  (Session info: chrome=78.0.3904.97)
For documentation on this error, please visit: https://www.seleniumhq.org/exceptions/no_such_element.html
Build info: version: &apos;3.141.59&apos;, revision: &apos;e82be7d358&apos;, time: &apos;2018-11-14T08:17:03&apos;
System info: host: &apos;VOLOVICH-PC&apos;, ip: &apos;10.98.51.245&apos;, os.name: &apos;Windows 10&apos;, os.arch: &apos;amd64&apos;, os.version: &apos;10.0&apos;, java.version: &apos;1.8.0_161&apos;
Driver info: org.openqa.selenium.chrome.ChromeDriver
Capabilities {acceptInsecureCerts: false, browserName: chrome, browserVersion: 78.0.3904.97, chrome: {chromedriverVersion: 78.0.3904.70 (edb9c9f3de024..., userDataDir: C:\Users\ANDREY~1\AppData\L...}, goog:chromeOptions: {debuggerAddress: localhost:54656}, javascriptEnabled: true, networkConnectionEnabled: false, pageLoadStrategy: normal, platform: XP, platformName: XP, proxy: Proxy(), setWindowRect: true, strictFileInteractability: false, timeouts: {implicit: 0, pageLoad: 300000, script: 30000}, unhandledPromptBehavior: dismiss and notify}
Session ID: 86f1aeec5dbd6e3859fc5d82d0250321
*** Element info: {Using=id, value=j_username}
	at sun.reflect.NativeConstructorAccessorImpl.newInstance0(Native Method)
	at sun.reflect.NativeConstructorAccessorImpl.newInstance(NativeConstructorAccessorImpl.java:62)
	at sun.reflect.DelegatingConstructorAccessorImpl.newInstance(DelegatingConstructorAccessorImpl.java:45)
	at java.lang.reflect.Constructor.newInstance(Constructor.java:423)
	at org.openqa.selenium.remote.http.W3CHttpResponseCodec.createException(W3CHttpResponseCodec.java:187)
	at org.openqa.selenium.remote.http.W3CHttpResponseCodec.decode(W3CHttpResponseCodec.java:122)
	at org.openqa.selenium.remote.http.W3CHttpResponseCodec.decode(W3CHttpResponseCodec.java:49)
	at org.openqa.selenium.remote.HttpCommandExecutor.execute(HttpCommandExecutor.java:158)
	at org.openqa.selenium.remote.service.DriverCommandExecutor.execute(DriverCommandExecutor.java:83)
	at org.openqa.selenium.remote.RemoteWebDriver.execute(RemoteWebDriver.java:552)
	at org.openqa.selenium.remote.RemoteWebDriver.findElement(RemoteWebDriver.java:323)
	at org.openqa.selenium.remote.RemoteWebDriver.findElementById(RemoteWebDriver.java:372)
	at org.openqa.selenium.By$ById.findElement(By.java:188)
	at org.openqa.selenium.remote.RemoteWebDriver.findElement(RemoteWebDriver.java:315)
	at org.openqa.selenium.support.pagefactory.DefaultElementLocator.findElement(DefaultElementLocator.java:69)
	at org.openqa.selenium.support.pagefactory.AjaxElementLocator.access$001(AjaxElementLocator.java:39)
	at org.openqa.selenium.support.pagefactory.AjaxElementLocator$SlowLoadingElement.isLoaded(AjaxElementLocator.java:165)
	at org.openqa.selenium.support.ui.SlowLoadableComponent.get(SlowLoadableComponent.java:72)
	at org.openqa.selenium.support.pagefactory.AjaxElementLocator.findElement(AjaxElementLocator.java:95)
	... 47 more
</failure>
    <system-out>Configuring TestNG with: org.apache.maven.surefire.testng.conf.TestNG652Configurator@67117f44
</system-out>
    <system-err>SLF4J: Failed to load class &quot;org.slf4j.impl.StaticLoggerBinder&quot;.
SLF4J: Defaulting to no-operation (NOP) logger implementation
SLF4J: See http://www.slf4j.org/codes.html#StaticLoggerBinder for further details.
Starting ChromeDriver 78.0.3904.70 (edb9c9f3de0247fd912a77b7f6cae7447f6d3ad5-refs/branch-heads/3904@{#800}) on port 19675
Only local connections are allowed.
Please protect ports used by ChromeDriver and related test frameworks to prevent access by malicious code.
ноя 26, 2019 7:58:58 PM org.openqa.selenium.remote.ProtocolHandshake createSession
INFO: Detected dialect: W3C
</system-err>
  </testcase>
  <testcase classname="com.tests.login.HomePageTest" name="openRepositoryPage" time="0.004">
    <skipped/>
  </testcase>
  <testcase classname="com.tests.login.HomePageTest" name="logOut" time="0.006">
    <skipped/>
  </testcase>
  <testcase classname="com.tests.login.HomePageTest" name="loginAsJasperadmin" time="0.008">
    <skipped/>
  </testcase>
  <testcase classname="com.tests.login.HomePageTest" name="openSeachResultsPage" time="0.002">
    <skipped/>
  </testcase>
  <testcase classname="com.tests.login.HomePageTest" name="logOut" time="0.004">
    <skipped/>
  </testcase>
  <testcase classname="com.tests.login.LoginTest" name="canLoginByDifferentLocales" time="0.825"/>
  <testcase classname="com.tests.login.LoginTest" name="logOut" time="0.83">
    <failure type="java.lang.NullPointerException">java.lang.NullPointerException
	at com.tests.BaseTest.logOut(BaseTest.java:63)
	at sun.reflect.NativeMethodAccessorImpl.invoke0(Native Method)
	at sun.reflect.NativeMethodAccessorImpl.invoke(NativeMethodAccessorImpl.java:62)
	at sun.reflect.DelegatingMethodAccessorImpl.invoke(DelegatingMethodAccessorImpl.java:43)
	at java.lang.reflect.Method.invoke(Method.java:498)
	at org.testng.internal.MethodInvocationHelper.invokeMethod(MethodInvocationHelper.java:133)
	at org.testng.internal.MethodInvocationHelper.invokeMethodConsideringTimeout(MethodInvocationHelper.java:62)
	at org.testng.internal.ConfigInvoker.invokeConfigurationMethod(ConfigInvoker.java:340)
	at org.testng.internal.ConfigInvoker.invokeConfigurations(ConfigInvoker.java:294)
	at org.testng.internal.TestInvoker.runConfigMethods(TestInvoker.java:683)
	at org.testng.internal.TestInvoker.runAfterGroupsConfigurations(TestInvoker.java:658)
	at org.testng.internal.TestInvoker.invokeMethod(TestInvoker.java:642)
	at org.testng.internal.TestInvoker.invokeTestMethod(TestInvoker.java:172)
	at org.testng.internal.MethodRunner.runInSequence(MethodRunner.java:46)
	at org.testng.internal.TestInvoker$MethodInvocationAgent.invoke(TestInvoker.java:804)
	at org.testng.internal.TestInvoker.invokeTestMethods(TestInvoker.java:145)
	at org.testng.internal.TestMethodWorker.invokeTestMethods(TestMethodWorker.java:146)
	at org.testng.internal.TestMethodWorker.run(TestMethodWorker.java:128)
	at java.util.ArrayList.forEach(ArrayList.java:1257)
	at org.testng.TestRunner.privateRun(TestRunner.java:770)
	at org.testng.TestRunner.run(TestRunner.java:591)
	at org.testng.SuiteRunner.runTest(SuiteRunner.java:402)
	at org.testng.SuiteRunner.runSequentially(SuiteRunner.java:396)
	at org.testng.SuiteRunner.privateRun(SuiteRunner.java:355)
	at org.testng.SuiteRunner.run(SuiteRunner.java:304)
	at org.testng.SuiteRunnerWorker.runSuite(SuiteRunnerWorker.java:53)
	at org.testng.SuiteRunnerWorker.run(SuiteRunnerWorker.java:96)
	at org.testng.TestNG.runSuitesSequentially(TestNG.java:1180)
	at org.testng.TestNG.runSuitesLocally(TestNG.java:1102)
	at org.testng.TestNG.runSuites(TestNG.java:1032)
	at org.testng.TestNG.run(TestNG.java:1000)
	at org.apache.maven.surefire.testng.TestNGExecutor.run(TestNGExecutor.java:77)
	at org.apache.maven.surefire.testng.TestNGDirectoryTestSuite.executeMulti(TestNGDirectoryTestSuite.java:159)
	at org.apache.maven.surefire.testng.TestNGDirectoryTestSuite.execute(TestNGDirectoryTestSuite.java:99)
	at org.apache.maven.surefire.testng.TestNGProvider.invoke(TestNGProvider.java:106)
	at sun.reflect.NativeMethodAccessorImpl.invoke0(Native Method)
	at sun.reflect.NativeMethodAccessorImpl.invoke(NativeMethodAccessorImpl.java:62)
	at sun.reflect.DelegatingMethodAccessorImpl.invoke(DelegatingMethodAccessorImpl.java:43)
	at java.lang.reflect.Method.invoke(Method.java:498)
	at org.apache.maven.surefire.util.ReflectionUtils.invokeMethodWithArray(ReflectionUtils.java:189)
	at org.apache.maven.surefire.booter.ProviderFactory$ProviderProxy.invoke(ProviderFactory.java:165)
	at org.apache.maven.surefire.booter.ProviderFactory.invokeProvider(ProviderFactory.java:85)
	at org.apache.maven.surefire.booter.ForkedBooter.runSuitesInProcess(ForkedBooter.java:115)
	at org.apache.maven.surefire.booter.ForkedBooter.main(ForkedBooter.java:75)
</failure>
  </testcase>
  <testcase classname="com.tests.login.LoginTest" name="login" time="0.837">
    <skipped/>
  </testcase>
  <testcase classname="com.tests.login.LoginTest" name="canLoginByDifferentLocales" time="0.004">
    <skipped/>
  </testcase>
  <testcase classname="com.tests.login.LoginTest" name="logOut" time="0.009">
    <skipped/>
  </testcase>
  <testcase classname="com.tests.login.LoginTest" name="login" time="0.013">
    <skipped/>
  </testcase>
  <testcase classname="com.tests.login.LoginTest" name="canLoginByDifferentLocales" time="0.007">
    <skipped/>
  </testcase>
  <testcase classname="com.tests.login.LoginTest" name="logOut" time="0.01">
    <skipped/>
  </testcase>
  <testcase classname="com.tests.login.LoginTest" name="login" time="0.014">
    <skipped/>
  </testcase>
  <testcase classname="com.tests.login.LoginTest" name="canLoginByDifferentLocales" time="0.004">
    <skipped/>
  </testcase>
  <testcase classname="com.tests.login.LoginTest" name="logOut" time="0.007">
    <skipped/>
  </testcase>
  <testcase classname="com.tests.login.LoginTest" name="login" time="0.01">
    <skipped/>
  </testcase>
  <testcase classname="com.tests.login.LoginTest" name="canLoginByDifferentLocales" time="0.004">
    <skipped/>
  </testcase>
  <testcase classname="com.tests.login.LoginTest" name="logOut" time="0.009">
    <skipped/>
  </testcase>
  <testcase classname="com.tests.login.LoginTest" name="login" time="0.012">
    <skipped/>
  </testcase>
  <testcase classname="com.tests.login.LoginTest" name="canLoginByDifferentLocales" time="0.002">
    <skipped/>
  </testcase>
  <testcase classname="com.tests.login.LoginTest" name="logOut" time="0.005">
    <skipped/>
  </testcase>
  <testcase classname="com.tests.login.LoginTest" name="login" time="0.008">
    <skipped/>
  </testcase>
  <testcase classname="com.tests.login.LoginTest" name="loginByUsers" time="0.002">
    <skipped/>
  </testcase>
  <testcase classname="com.tests.login.LoginTest" name="logOut" time="0.005">
    <skipped/>
  </testcase>
  <testcase classname="com.tests.login.LoginTest" name="login" time="0.007">
    <skipped/>
  </testcase>
  <testcase classname="com.tests.login.LoginTest" name="loginByUsers" time="0.002">
    <skipped/>
  </testcase>
  <testcase classname="com.tests.login.LoginTest" name="logOut" time="0.004">
    <skipped/>
  </testcase>
  <testcase classname="com.tests.login.LoginTest" name="login" time="0.006">
    <skipped/>
  </testcase>
  <testcase classname="com.tests.login.LoginTest" name="loginByUsers" time="0.002">
    <skipped/>
  </testcase>
  <testcase classname="com.tests.login.LoginTest" name="logOut" time="0.005">
    <skipped/>
  </testcase>
  <testcase classname="com.tests.login.LoginTest" name="login" time="0.009">
    <skipped/>
  </testcase>
  <testcase classname="com.tests.login.LoginTest" name="loginByUsers" time="0.006">
    <skipped/>
  </testcase>
  <testcase classname="com.tests.login.LoginTest" name="logOut" time="0.011">
    <skipped/>
  </testcase>
  <testcase classname="com.tests.login.LoginTest" name="login" time="0.012">
    <skipped/>
  </testcase>
</testsuite>